<?xml version="1.0" encoding="utf-8"?><testsuites name="pytest tests"><testsuite name="pytest" errors="0" failures="0" skipped="3" tests="11" time="346.970" timestamp="2026-02-27T05:50:59.411984+00:00" hostname="agent-env-b1af9b73-7677-408e-8e31-b4318cac9ac4"><testcase classname="tests.test_batch_experiments_async.TestPhdThesis" name="test_phd_thesis_accessible" time="0.151" /><testcase classname="tests.test_batch_experiments_async.TestBatchExperimentsPresets" name="test_get_presets" time="0.105" /><testcase classname="tests.test_batch_experiments_async.TestBatchExperimentsAsyncRun" name="test_run_experiment_returns_task_id_immediately" time="0.116" /><testcase classname="tests.test_batch_experiments_async.TestBatchExperimentsAsyncRun" name="test_run_preset_returns_task_id_immediately" time="0.114" /><testcase classname="tests.test_batch_experiments_async.TestBatchExperimentsTaskPolling" name="test_poll_task_status" time="0.296" /><testcase classname="tests.test_batch_experiments_async.TestBatchExperimentsTaskPolling" name="test_poll_nonexistent_task_returns_404" time="0.173" /><testcase classname="tests.test_batch_experiments_async.TestBatchExperimentsTaskPolling" name="test_results_before_completion_returns_400" time="0.470" /><testcase classname="tests.test_batch_experiments_async.TestBatchExperimentsTaskResults" name="test_get_results_after_completion" time="68.166"><skipped type="pytest.skip" message="Task did not complete in time">/app/backend/tests/test_batch_experiments_async.py:173: Task did not complete in time</skipped></testcase><testcase classname="tests.test_batch_experiments_async.TestBatchExperimentsCompareAsync" name="test_compare_returns_task_id_immediately" time="138.521"><skipped type="pytest.skip" message="Not enough experiments completed">/app/backend/tests/test_batch_experiments_async.py:228: Not enough experiments completed</skipped></testcase><testcase classname="tests.test_batch_experiments_async.TestBatchExperimentsCompareAsync" name="test_comparison_results" time="138.478"><skipped type="pytest.skip" message="Not enough experiments completed">/app/backend/tests/test_batch_experiments_async.py:247: Not enough experiments completed</skipped></testcase><testcase classname="tests.test_batch_experiments_async.TestBatchExperimentsTasksList" name="test_list_tasks" time="0.270" /></testsuite></testsuites>